
  .   ____          _            __ _ _
 /\\ / ___'_ __ _ _(_)_ __  __ _ \ \ \ \
( ( )\___ | '_ | '_| | '_ \/ _` | \ \ \ \
 \\/  ___)| |_)| | | | | || (_| |  ) ) ) )
  '  |____| .__|_| |_|_| |_\__, | / / / /
 =========|_|==============|___/=/_/_/_/

 :: Spring Boot ::                (v3.5.7)

2025-10-28T16:59:46.113+09:00  INFO 40180 --- [backend] [           main] c.m.backend.BackendApplication           : Starting BackendApplication v0.0.1-SNAPSHOT using Java 21.0.5 with PID 40180 (C:\MyStockFolio\backend\build\libs\backend-0.0.1-SNAPSHOT.jar started by kik32 in C:\MyStockFolio\backend)
2025-10-28T16:59:46.116+09:00  INFO 40180 --- [backend] [           main] c.m.backend.BackendApplication           : No active profile set, falling back to 1 default profile: "default"
2025-10-28T16:59:47.439+09:00  INFO 40180 --- [backend] [           main] .s.d.r.c.RepositoryConfigurationDelegate : Bootstrapping Spring Data JPA repositories in DEFAULT mode.
2025-10-28T16:59:47.622+09:00  INFO 40180 --- [backend] [           main] .s.d.r.c.RepositoryConfigurationDelegate : Finished Spring Data repository scanning in 171 ms. Found 3 JPA repository interfaces.
2025-10-28T16:59:48.719+09:00  INFO 40180 --- [backend] [           main] o.s.b.w.embedded.tomcat.TomcatWebServer  : Tomcat initialized with port 8080 (http)
2025-10-28T16:59:48.746+09:00  INFO 40180 --- [backend] [           main] o.apache.catalina.core.StandardService   : Starting service [Tomcat]
2025-10-28T16:59:48.746+09:00  INFO 40180 --- [backend] [           main] o.apache.catalina.core.StandardEngine    : Starting Servlet engine: [Apache Tomcat/10.1.48]
2025-10-28T16:59:48.803+09:00  INFO 40180 --- [backend] [           main] o.a.c.c.C.[Tomcat].[localhost].[/]       : Initializing Spring embedded WebApplicationContext
2025-10-28T16:59:48.803+09:00  INFO 40180 --- [backend] [           main] w.s.c.ServletWebServerApplicationContext : Root WebApplicationContext: initialization completed in 2626 ms
2025-10-28T16:59:49.153+09:00  INFO 40180 --- [backend] [           main] o.hibernate.jpa.internal.util.LogHelper  : HHH000204: Processing PersistenceUnitInfo [name: default]
2025-10-28T16:59:49.261+09:00  INFO 40180 --- [backend] [           main] org.hibernate.Version                    : HHH000412: Hibernate ORM core version 6.6.33.Final
2025-10-28T16:59:49.296+09:00  INFO 40180 --- [backend] [           main] o.h.c.internal.RegionFactoryInitiator    : HHH000026: Second-level cache disabled
2025-10-28T16:59:49.622+09:00  INFO 40180 --- [backend] [           main] o.s.o.j.p.SpringPersistenceUnitInfo      : No LoadTimeWeaver setup: ignoring JPA class transformer
2025-10-28T16:59:49.646+09:00  INFO 40180 --- [backend] [           main] com.zaxxer.hikari.HikariDataSource       : HikariPool-1 - Starting...
2025-10-28T16:59:49.839+09:00  INFO 40180 --- [backend] [           main] com.zaxxer.hikari.pool.HikariPool        : HikariPool-1 - Added connection com.mysql.cj.jdbc.ConnectionImpl@1a01ffff
2025-10-28T16:59:49.839+09:00  INFO 40180 --- [backend] [           main] com.zaxxer.hikari.HikariDataSource       : HikariPool-1 - Start completed.
2025-10-28T16:59:49.894+09:00  WARN 40180 --- [backend] [           main] org.hibernate.orm.deprecation            : HHH90000025: MySQLDialect does not need to be specified explicitly using 'hibernate.dialect' (remove the property setting and it will be selected by default)
2025-10-28T16:59:49.916+09:00  INFO 40180 --- [backend] [           main] org.hibernate.orm.connections.pooling    : HHH10001005: Database info:
	Database JDBC URL [Connecting through datasource 'HikariDataSource (HikariPool-1)']
	Database driver: undefined/unknown
	Database version: 8.0.39
	Autocommit mode: undefined/unknown
	Isolation level: undefined/unknown
	Minimum pool size: undefined/unknown
	Maximum pool size: undefined/unknown
2025-10-28T16:59:50.868+09:00  INFO 40180 --- [backend] [           main] o.h.e.t.j.p.i.JtaPlatformInitiator       : HHH000489: No JTA platform available (set 'hibernate.transaction.jta.platform' to enable JTA platform integration)
2025-10-28T16:59:50.937+09:00  INFO 40180 --- [backend] [           main] j.LocalContainerEntityManagerFactoryBean : Initialized JPA EntityManagerFactory for persistence unit 'default'
2025-10-28T16:59:51.571+09:00  INFO 40180 --- [backend] [           main] c.m.backend.client.MarketDataClient      : MarketDataClient initialized with URL: http://127.0.0.1:8001
2025-10-28T16:59:51.629+09:00  INFO 40180 --- [backend] [           main] o.s.d.j.r.query.QueryEnhancerFactory     : Hibernate is in classpath; If applicable, HQL parser will be used.
2025-10-28T16:59:52.497+09:00  WARN 40180 --- [backend] [           main] JpaBaseConfiguration$JpaWebConfiguration : spring.jpa.open-in-view is enabled by default. Therefore, database queries may be performed during view rendering. Explicitly configure spring.jpa.open-in-view to disable this warning
2025-10-28T16:59:53.190+09:00  INFO 40180 --- [backend] [           main] r$InitializeUserDetailsManagerConfigurer : Global AuthenticationManager configured with UserDetailsService bean with name customUserDetailsService
2025-10-28T16:59:53.646+09:00 DEBUG 40180 --- [backend] [           main] o.s.s.web.DefaultSecurityFilterChain     : Will secure any request with filters: DisableEncodeUrlFilter, WebAsyncManagerIntegrationFilter, SecurityContextHolderFilter, HeaderWriterFilter, CorsFilter, LogoutFilter, JwtAuthenticationFilter, RequestCacheAwareFilter, SecurityContextHolderAwareRequestFilter, AnonymousAuthenticationFilter, SessionManagementFilter, ExceptionTranslationFilter, AuthorizationFilter
2025-10-28T16:59:54.531+09:00  INFO 40180 --- [backend] [           main] o.s.b.w.embedded.tomcat.TomcatWebServer  : Tomcat started on port 8080 (http) with context path '/'
2025-10-28T16:59:54.556+09:00  INFO 40180 --- [backend] [           main] c.m.backend.BackendApplication           : Started BackendApplication in 8.915 seconds (process running for 9.754)
